<?xml version="1.0" encoding="UTF-8"?>
<!-- Generated by org.testng.reporters.JUnitXMLReporter -->
<testsuite ignored="0" hostname="ZCHD-CQR-SHIVAM-PANDOH" failures="0" tests="3" name="Demo Api Tests" time="6.208" errors="0" timestamp="27 May 2022 12:39:39 GMT">
  <testcase classname="Apitesting.testproject.TestCases" name="createBooking" time="2.623"/>
  <testcase classname="Apitesting.testproject.TestCases" name="getBookingId" time="1.509"/>
  <testcase classname="Apitesting.testproject.TestCases" name="healthCheck" time="1.424"/>
</testsuite> <!-- Demo Api Tests -->
