<?xml version="1.0" encoding="UTF-8"?>
<!-- Generated by org.testng.reporters.JUnitXMLReporter -->
<testsuite ignored="0" hostname="ZCHD-CQR-SHIVAM-PANDOH" failures="0" tests="5" name="Demo Api Tests" time="12.004" errors="0" timestamp="31 May 2022 08:38:55 GMT">
  <testcase classname="Apitesting.testproject.TestCases" name="createBooking" time="4.026"/>
  <testcase classname="Apitesting.testproject.TestCases" name="getBookingId" time="1.512"/>
  <testcase classname="Apitesting.testproject.TestCases" name="healthCheck" time="1.493"/>
  <testcase classname="Apitesting.testproject.TestCases" name="testCreateToken" time="1.569"/>
  <testcase classname="Apitesting.testproject.TestCases" name="testgetbookingid" time="1.606"/>
</testsuite> <!-- Demo Api Tests -->
